{
  "0 debug pnpm:scope": {
    "selected": 1
  },
  "1 debug pnpm:package-manifest": {
    "initial": {
      "name": "@plasmo-corp/cwu",
      "version": "2.4.0",
      "description": "Chrome webstore API",
      "exports": "./dist/index.js",
      "types": "./dist/index.d.ts",
      "type": "module",
      "files": [
        "dist"
      ],
      "engines": {
        "node": ">=16.14"
      },
      "scripts": {
        "dev": "tsup index.ts --format esm --watch --sourcemap inline",
        "build": "tsup index.ts --format esm --dts-resolve",
        "test": "echo \"Error: no test specified\" && exit 1",
        "clean": "rimraf dist",
        "prepublishOnly": "run-s clean build"
      },
      "author": "Plasmo Corp. <foss@plasmo.com>",
      "repository": {
        "type": "git",
        "url": "https://github.com/plasmo-corp/chrome-webstore-api.git"
      },
      "keywords": [
        "browser-extensions",
        "chrome",
        "webstore",
        "browser-plugins"
      ],
      "license": "MIT",
      "devDependencies": {
        "@plasmohq/rps": "1.2.1",
        "@trivago/prettier-plugin-sort-imports": "3.2.0",
        "@types/node": "17.0.25",
        "prettier": "2.6.2",
        "rimraf": "3.0.2",
        "tsup": "5.12.5",
        "typescript": "4.6.3"
      },
      "dependencies": {
        "got": "12.0.3"
      }
    },
    "prefix": "/Users/coldsauce/plasmo/chrome-webstore-api"
  },
  "2 debug pnpm:context": {
    "currentLockfileExists": false,
    "storeDir": "/Users/coldsauce/.pnpm-store/v3",
    "virtualStoreDir": "/Users/coldsauce/plasmo/chrome-webstore-api/node_modules/.pnpm"
  },
  "3 debug pnpm:stage": {
    "prefix": "/Users/coldsauce/plasmo/chrome-webstore-api",
    "stage": "resolution_started"
  },
  "4 debug pnpm:_dependency_resolved": {
    "resolution": "registry.npmjs.org/@trivago/prettier-plugin-sort-imports/3.2.0",
    "wanted": {
      "dependentId": ".",
      "name": "@trivago/prettier-plugin-sort-imports",
      "rawSpec": "3.2.0"
    }
  },
  "5 debug pnpm:_dependency_resolved": {
    "resolution": "registry.npmjs.org/@types/node/17.0.25",
    "wanted": {
      "dependentId": ".",
      "name": "@types/node",
      "rawSpec": "17.0.25"
    }
  },
  "6 debug pnpm:_dependency_resolved": {
    "resolution": "registry.npmjs.org/prettier/2.6.2",
    "wanted": {
      "dependentId": ".",
      "name": "prettier",
      "rawSpec": "2.6.2"
    }
  },
  "7 debug pnpm:_dependency_resolved": {
    "resolution": "registry.npmjs.org/rimraf/3.0.2",
    "wanted": {
      "dependentId": ".",
      "name": "rimraf",
      "rawSpec": "3.0.2"
    }
  },
  "8 debug pnpm:_dependency_resolved": {
    "resolution": "registry.npmjs.org/tsup/5.12.5",
    "wanted": {
      "dependentId": ".",
      "name": "tsup",
      "rawSpec": "5.12.5"
    }
  },
  "9 debug pnpm:_dependency_resolved": {
    "resolution": "registry.npmjs.org/typescript/4.6.3",
    "wanted": {
      "dependentId": ".",
      "name": "typescript",
      "rawSpec": "4.6.3"
    }
  },
  "10 debug pnpm:_dependency_resolved": {
    "resolution": "registry.npmjs.org/got/12.0.3",
    "wanted": {
      "dependentId": ".",
      "name": "got",
      "rawSpec": "12.0.3"
    }
  },
  "11 debug pnpm:progress": {
    "packageId": "registry.npmjs.org/@trivago/prettier-plugin-sort-imports/3.2.0",
    "requester": "/Users/coldsauce/plasmo/chrome-webstore-api",
    "status": "found_in_store"
  },
  "12 debug pnpm:progress": {
    "packageId": "registry.npmjs.org/@trivago/prettier-plugin-sort-imports/3.2.0",
    "requester": "/Users/coldsauce/plasmo/chrome-webstore-api",
    "status": "resolved"
  },
  "13 debug pnpm:progress": {
    "packageId": "registry.npmjs.org/prettier/2.6.2",
    "requester": "/Users/coldsauce/plasmo/chrome-webstore-api",
    "status": "found_in_store"
  },
  "14 debug pnpm:progress": {
    "packageId": "registry.npmjs.org/prettier/2.6.2",
    "requester": "/Users/coldsauce/plasmo/chrome-webstore-api",
    "status": "resolved"
  },
  "15 debug pnpm:progress": {
    "packageId": "registry.npmjs.org/@types/node/17.0.25",
    "requester": "/Users/coldsauce/plasmo/chrome-webstore-api",
    "status": "found_in_store"
  },
  "16 debug pnpm:progress": {
    "packageId": "registry.npmjs.org/@types/node/17.0.25",
    "requester": "/Users/coldsauce/plasmo/chrome-webstore-api",
    "status": "resolved"
  },
  "17 debug pnpm:progress": {
    "packageId": "registry.npmjs.org/rimraf/3.0.2",
    "requester": "/Users/coldsauce/plasmo/chrome-webstore-api",
    "status": "found_in_store"
  },
  "18 debug pnpm:progress": {
    "packageId": "registry.npmjs.org/rimraf/3.0.2",
    "requester": "/Users/coldsauce/plasmo/chrome-webstore-api",
    "status": "resolved"
  },
  "19 debug pnpm:progress": {
    "packageId": "registry.npmjs.org/got/12.0.3",
    "requester": "/Users/coldsauce/plasmo/chrome-webstore-api",
    "status": "found_in_store"
  },
  "20 debug pnpm:progress": {
    "packageId": "registry.npmjs.org/got/12.0.3",
    "requester": "/Users/coldsauce/plasmo/chrome-webstore-api",
    "status": "resolved"
  },
  "21 debug pnpm:progress": {
    "packageId": "registry.npmjs.org/typescript/4.6.3",
    "requester": "/Users/coldsauce/plasmo/chrome-webstore-api",
    "status": "found_in_store"
  },
  "22 debug pnpm:progress": {
    "packageId": "registry.npmjs.org/typescript/4.6.3",
    "requester": "/Users/coldsauce/plasmo/chrome-webstore-api",
    "status": "resolved"
  },
  "23 debug pnpm:progress": {
    "packageId": "registry.npmjs.org/tsup/5.12.5",
    "requester": "/Users/coldsauce/plasmo/chrome-webstore-api",
    "status": "found_in_store"
  },
  "24 debug pnpm:progress": {
    "packageId": "registry.npmjs.org/tsup/5.12.5",
    "requester": "/Users/coldsauce/plasmo/chrome-webstore-api",
    "status": "resolved"
  },
  "25 error pnpm": {
    "code": "ERR_PNPM_NO_MATCHING_VERSION",
    "packageMeta": {
      "name": "@plasmohq/rps",
      "dist-tags": {
        "latest": "1.3.1"
      },
      "versions": {
        "1.3.0": {
          "name": "@plasmohq/rps",
          "version": "1.3.0",
          "dependencies": {
            "cross-spawn": "7.0.3",
            "minimatch": "5.0.1",
            "pidtree": "0.5.0",
            "read-pkg": "7.1.0",
            "shell-quote": "1.7.3"
          },
          "devDependencies": {
            "@trivago/prettier-plugin-sort-imports": "3.2.0",
            "@types/cross-spawn": "6.0.2",
            "@types/minimatch": "3.0.5",
            "@types/node": "17.0.33",
            "@types/shell-quote": "1.7.1",
            "prettier": "2.6.2",
            "tsup": "5.12.7",
            "typescript": "4.6.4"
          },
          "bin": {
            "run-s": "dist/run-s.js",
            "run-p": "dist/run-p.js"
          },
          "dist": {
            "integrity": "sha512-gJ1+RVOGLpsXmy5+jit5moK3usKtTkBDenRQxFTvwIdwYPLELeGGg3lbnP028Q72XoA448pMMlTSBeCh2GoO8A==",
            "shasum": "7487ae95b55af5705751e97517b0b12ba0332fde",
            "tarball": "https://registry.npmjs.org/@plasmohq/rps/-/rps-1.3.0.tgz",
            "fileCount": 11,
            "unpackedSize": 13161,
            "signatures": [
              {
                "keyid": "SHA256:jl3bwswu80PjjokCgh0o2w5c2U4LhQAE57gj9cz1kzA",
                "sig": "MEUCIQDkND8y0q39SMHjJg2vAu4Lboth35TZL4Zk7i/9EamR1wIge62S0Gw715AAP+Rk6fbwI+NGtpqrg+AAj7yNfZm+7IY="
              }
            ],
            "npm-signature": "-----BEGIN PGP SIGNATURE-----\r\nVersion: OpenPGP.js v4.10.10\r\nComment: https://openpgpjs.org\r\n\r\nwsFzBAEBCAAGBQJif842ACEJED1NWxICdlZqFiEECWMYAoorWMhJKdjhPU1b\r\nEgJ2Vmr47BAAh70rTsK/hqRBqJuCm4oAWFx76kzCTgKnOq+pVfz7Fq/Yxv48\r\nSzAOJ/+7nfAkfEoqrV4LQSabFVZ4FLBHpzrHBmvjNmd53sD+5jYlEYIEtclq\r\nWHBfVYuwFwPEyo7F3OPp9q3edFyLnhO8O6QzandUfjQ1ilwmDcpI3dolF3Qz\r\n2KNszd3owI0tu6zaw8+Ne9O9eR2BqVum0uN78kdFTSyO6ZfT1sp0WarfxeYE\r\nv3EttJINqcXboK7pAz78aLrPJc/a9xHNAqxb+hpC3B8pn6v9K8PdPXfMWeuF\r\nmeYNdwGQUTu+ZOH82KpFnUNZ9EN2yv8yAQCtDo7+fpnc6PjycBfvIsn2yp4p\r\n+cASFBb0hPCWIFgNxZ7Q0mftkFGZXSQiBsu9/lO/T8QM44shvjTZm7EDaOrt\r\ng0vx6xHh5BzjNhrwbylNomnI+X1R1BFJypcGQfoS8bEsQsE2rGLCotO1cLjU\r\n4PsicQTiVmIh6ilTsGGWH5WemmmflZrT0eUnhyKbKnaK7+JOgwk/6d93WlDV\r\nWw0Nh9MsJRk+jJpJ+knr01rJD1JqqoPcrRTzyFcRTLsT/KSL3YJjbQBq6jlE\r\n+qmavE6XbM1Jxo261huG0hA1ZOvzSo4MOAePg82izKeh4U3c6tt2AktLNfci\r\nsMwyfXEMGrSl6wbaHaWchD1K9XGVHfmx3V0=\r\n=sFFq\r\n-----END PGP SIGNATURE-----\r\n"
          }
        },
        "1.3.1": {
          "name": "@plasmohq/rps",
          "version": "1.3.1",
          "dependencies": {
            "cross-spawn": "7.0.3",
            "minimatch": "5.0.1",
            "pidtree": "0.5.0",
            "read-pkg": "7.1.0",
            "shell-quote": "1.7.3"
          },
          "devDependencies": {
            "@trivago/prettier-plugin-sort-imports": "3.2.0",
            "@types/cross-spawn": "6.0.2",
            "@types/minimatch": "3.0.5",
            "@types/node": "17.0.33",
            "@types/shell-quote": "1.7.1",
            "prettier": "2.6.2",
            "tsup": "5.12.7",
            "typescript": "4.6.4"
          },
          "bin": {
            "run-s": "dist/run-s.js",
            "run-p": "dist/run-p.js"
          },
          "dist": {
            "integrity": "sha512-MGCXKG6uaKKs6p38/YamuZ2Ra2VKIM+Pa6kfqPSp70GKDa8pDXSNitI9ME89hi3dVO707bBrWq4XboSKyNwFaQ==",
            "shasum": "9431a3e8de6dba9ef0bd181a52ac0376fe8956c5",
            "tarball": "https://registry.npmjs.org/@plasmohq/rps/-/rps-1.3.1.tgz",
            "fileCount": 11,
            "unpackedSize": 13161,
            "signatures": [
              {
                "keyid": "SHA256:jl3bwswu80PjjokCgh0o2w5c2U4LhQAE57gj9cz1kzA",
                "sig": "MEQCIGSIwOCEgTfoAVW/PdUCBMpOX2YY8JoxMu5vIP1p9Av+AiAq/NA/p6RUII86sl7ZBRJs3/NWegABLSWqxAWtSmisRw=="
              }
            ],
            "npm-signature": "-----BEGIN PGP SIGNATURE-----\r\nVersion: OpenPGP.js v4.10.10\r\nComment: https://openpgpjs.org\r\n\r\nwsFzBAEBCAAGBQJif88mACEJED1NWxICdlZqFiEECWMYAoorWMhJKdjhPU1b\r\nEgJ2VmoP3w/9GpAdScmAJ56KEGBgQkxkIb9b186xDw6FRpXvDbfe3v1qmmHO\r\nce8V7iSFj7vc5teff4ZXp3u4fei3zMUM7AG66uLu/CmycB49c7V28ahOYJzp\r\nlqyOrLpLdrexZFs3ZdTzwC1PEvub3IsDdsgLxQ+BYdodHDSZ2LqfhErkL+gk\r\ns26/eVzXSv3K4dh6f/6otzZxqUY/HrhNBd/mXZtLkihyK5jFCdCGzArPwS4b\r\nuEZ1QAj7Sw5D79ML/lUF1A7VqDWyJzmgiKlU05g0f/3yv/Ee2zTS9QgIIqAx\r\nmUeA3st+Anx5wXiCqm9Y2uo93fHclEyBmLFTveOPTRMGXvTlGSR7i4GTD4zG\r\nCHjPBdee9H/+lOYzsvJUcg+a83G5jbnASRoGb/irzI5mKbFaSWX08hG2rUhk\r\nbV+gyjpfFURSXQMnYzIMfKiQEzQOmT9DrG6fgApIWR7ojfGEBlhpyPHIWpJ4\r\nWobmULr65wITDjydny2FeR2ae8mm+1hIZ5QmSmAN+qSWlcxNryBq7mhA5Lfa\r\ng6iIRrLm3HDe2N98KCvHuGjW6xuqGWtKtT+eHzQ8a7VWaZ6eLA8swGwuWc+b\r\nMFPfQEkJgMIenyvNS2HFWtFPK12ErMETgWuY76l+M3bPYYyhsgoPz7I6yd9M\r\n2TSpQFbkUh8rZykT1Fl5B27V20VRpt5j6kg=\r\n=Ceki\r\n-----END PGP SIGNATURE-----\r\n"
          }
        }
      },
      "modified": "2022-05-14T15:47:50.086Z",
      "cachedAt": 1652737848662
    },
    "pkgsStack": [],
    "err": {
      "name": "pnpm",
      "message": "No matching version found for @plasmohq/rps@1.2.1",
      "code": "ERR_PNPM_NO_MATCHING_VERSION",
      "stack": "pnpm: No matching version found for @plasmohq/rps@1.2.1\n    at resolveNpm (/Users/coldsauce/.nvm/versions/node/v16.14.0/pnpm-global/5/node_modules/.pnpm/pnpm@6.31.0/node_modules/pnpm/dist/pnpm.cjs:85887:15)\n    at processTicksAndRejections (node:internal/process/task_queues:96:5)\n    at async Object.resolve (/Users/coldsauce/.nvm/versions/node/v16.14.0/pnpm-global/5/node_modules/.pnpm/pnpm@6.31.0/node_modules/pnpm/dist/pnpm.cjs:86071:34)\n    at async run (/Users/coldsauce/.nvm/versions/node/v16.14.0/pnpm-global/5/node_modules/.pnpm/pnpm@6.31.0/node_modules/pnpm/dist/pnpm.cjs:74166:23)"
    }
  }
}